        -:    0:Source:dominion.c
        -:    0:Graph:dominion.gcno
        -:    0:Data:dominion.gcda
        -:    0:Runs:19
        -:    0:Programs:19
        -:    1:#include "dominion.h"
        -:    2:#include "dominion_helpers.h"
        -:    3://#include "cards.h"
        -:    4:#include "rngs.h"
        -:    5:#include <stdio.h>
        -:    6:#include <math.h>
        -:    7:#include <stdlib.h>
        -:    8:
function compare called 8032 returned 100% blocks executed 100%
     8032:    9:int compare(const void *a, const void *b)
        -:   10:{
     8032:   11:  if (*(int *)a > *(int *)b)
branch  0 taken 1% (fallthrough)
branch  1 taken 99%
        2:   12:    return 1;
     8030:   13:  if (*(int *)a < *(int *)b)
branch  0 taken 2% (fallthrough)
branch  1 taken 98%
      122:   14:    return -1;
     7908:   15:  return 0;
        -:   16:}
        -:   17:
function newGame called 0 returned 0% blocks executed 0%
    #####:   18:struct gameState *newGame()
        -:   19:{
    #####:   20:  struct gameState *g = malloc(sizeof(struct gameState));
    #####:   21:  return g;
        -:   22:}
        -:   23:
function kingdomCards called 2 returned 100% blocks executed 100%
        2:   24:int *kingdomCards(int k1, int k2, int k3, int k4, int k5, int k6, int k7,
        -:   25:                  int k8, int k9, int k10)
        -:   26:{
        2:   27:  int *k = malloc(10 * sizeof(int));
        2:   28:  k[0] = k1;
        2:   29:  k[1] = k2;
        2:   30:  k[2] = k3;
        2:   31:  k[3] = k4;
        2:   32:  k[4] = k5;
        2:   33:  k[5] = k6;
        2:   34:  k[6] = k7;
        2:   35:  k[7] = k8;
        2:   36:  k[8] = k9;
        2:   37:  k[9] = k10;
        2:   38:  return k;
        -:   39:}
        -:   40:
function initializeGame called 15 returned 100% blocks executed 88%
       15:   41:int initializeGame(int numPlayers, int kingdomCards[10], int randomSeed,
        -:   42:                   struct gameState *state)
        -:   43:{
        -:   44:
        -:   45:  int i;
        -:   46:  int j;
        -:   47:  int it;
        -:   48:  //set up random number generator
       15:   49:  SelectStream(1);
call    0 returned 100%
       15:   50:  PutSeed((long)randomSeed);
call    0 returned 100%
        -:   51:
        -:   52:  //check number of players
       15:   53:  if (numPlayers > MAX_PLAYERS || numPlayers < 2)
branch  0 taken 100% (fallthrough)
branch  1 taken 0%
branch  2 taken 0% (fallthrough)
branch  3 taken 100%
        -:   54:  {
    #####:   55:    return -1;
        -:   56:  }
        -:   57:
        -:   58:  //set number of players
       15:   59:  state->numPlayers = numPlayers;
        -:   60:
        -:   61:  //check selected kingdom cards are different
      165:   62:  for (i = 0; i < 10; i++)
branch  0 taken 91%
branch  1 taken 9% (fallthrough)
        -:   63:  {
     1650:   64:    for (j = 0; j < 10; j++)
branch  0 taken 91%
branch  1 taken 9% (fallthrough)
        -:   65:    {
     1500:   66:      if (j != i && kingdomCards[j] == kingdomCards[i])
branch  0 taken 90% (fallthrough)
branch  1 taken 10%
branch  2 taken 0% (fallthrough)
branch  3 taken 100%
        -:   67:      {
    #####:   68:        return -1;
        -:   69:      }
        -:   70:    }
        -:   71:  }
        -:   72:
        -:   73:  //initialize supply
        -:   74:  ///////////////////////////////
        -:   75:
        -:   76:  //set number of Curse cards
       15:   77:  if (numPlayers == 2)
branch  0 taken 100% (fallthrough)
branch  1 taken 0%
        -:   78:  {
       15:   79:    state->supplyCount[curse] = 10;
        -:   80:  }
    #####:   81:  else if (numPlayers == 3)
branch  0 never executed
branch  1 never executed
        -:   82:  {
    #####:   83:    state->supplyCount[curse] = 20;
        -:   84:  }
        -:   85:  else
        -:   86:  {
    #####:   87:    state->supplyCount[curse] = 30;
        -:   88:  }
        -:   89:
        -:   90:  //set number of Victory cards
       15:   91:  if (numPlayers == 2)
branch  0 taken 100% (fallthrough)
branch  1 taken 0%
        -:   92:  {
       15:   93:    state->supplyCount[estate] = 8;
       15:   94:    state->supplyCount[duchy] = 8;
       15:   95:    state->supplyCount[province] = 8;
        -:   96:  }
        -:   97:  else
        -:   98:  {
    #####:   99:    state->supplyCount[estate] = 12;
    #####:  100:    state->supplyCount[duchy] = 12;
    #####:  101:    state->supplyCount[province] = 12;
        -:  102:  }
        -:  103:
        -:  104:  //set number of Treasure cards
       15:  105:  state->supplyCount[copper] = 60 - (7 * numPlayers);
       15:  106:  state->supplyCount[silver] = 40;
       15:  107:  state->supplyCount[gold] = 30;
        -:  108:
        -:  109:  //set number of Kingdom cards
      315:  110:  for (i = adventurer; i <= treasure_map; i++) //loop all cards
branch  0 taken 95%
branch  1 taken 5% (fallthrough)
        -:  111:  {
     2475:  112:    for (j = 0; j < 10; j++) //loop chosen cards
branch  0 taken 94%
branch  1 taken 6% (fallthrough)
        -:  113:    {
     2325:  114:      if (kingdomCards[j] == i)
branch  0 taken 6% (fallthrough)
branch  1 taken 94%
        -:  115:      {
        -:  116:        //check if card is a 'Victory' Kingdom card
      150:  117:        if (kingdomCards[j] == great_hall || kingdomCards[j] == gardens)
branch  0 taken 95% (fallthrough)
branch  1 taken 5%
branch  2 taken 0% (fallthrough)
branch  3 taken 100%
        -:  118:        {
       16:  119:          if (numPlayers == 2)
branch  0 taken 100% (fallthrough)
branch  1 taken 0%
        -:  120:          {
        8:  121:            state->supplyCount[i] = 8;
        -:  122:          }
        -:  123:          else
        -:  124:          {
    #####:  125:            state->supplyCount[i] = 12;
        -:  126:          }
        -:  127:        }
        -:  128:        else
        -:  129:        {
      142:  130:          state->supplyCount[i] = 10;
        -:  131:        }
      150:  132:        break;
        -:  133:      }
        -:  134:      else //card is not in the set choosen for the game
        -:  135:      {
     2175:  136:        state->supplyCount[i] = -1;
        -:  137:      }
        -:  138:    }
        -:  139:  }
        -:  140:
        -:  141:  ////////////////////////
        -:  142:  //supply intilization complete
        -:  143:
        -:  144:  //set player decks
       45:  145:  for (i = 0; i < numPlayers; i++)
branch  0 taken 67%
branch  1 taken 33% (fallthrough)
        -:  146:  {
       30:  147:    state->deckCount[i] = 0;
      120:  148:    for (j = 0; j < 3; j++)
branch  0 taken 75%
branch  1 taken 25% (fallthrough)
        -:  149:    {
       90:  150:      state->deck[i][j] = estate;
       90:  151:      state->deckCount[i]++;
        -:  152:    }
      240:  153:    for (j = 3; j < 10; j++)
branch  0 taken 88%
branch  1 taken 13% (fallthrough)
        -:  154:    {
      210:  155:      state->deck[i][j] = copper;
      210:  156:      state->deckCount[i]++;
        -:  157:    }
        -:  158:  }
        -:  159:
        -:  160:  //shuffle player decks
       45:  161:  for (i = 0; i < numPlayers; i++)
branch  0 taken 67%
branch  1 taken 33% (fallthrough)
        -:  162:  {
       30:  163:    if (shuffle(i, state) < 0)
call    0 returned 100%
branch  1 taken 0% (fallthrough)
branch  2 taken 100%
        -:  164:    {
    #####:  165:      return -1;
        -:  166:    }
        -:  167:  }
        -:  168:
        -:  169:  //draw player hands
       45:  170:  for (i = 0; i < numPlayers; i++)
branch  0 taken 67%
branch  1 taken 33% (fallthrough)
        -:  171:  {
        -:  172:    //initialize hand size to zero
       30:  173:    state->handCount[i] = 0;
       30:  174:    state->discardCount[i] = 0;
        -:  175:    //draw 5 cards
        -:  176:    // for (j = 0; j < 5; j++)
        -:  177:    //	{
        -:  178:    //	  drawCard(i, state);
        -:  179:    //	}
        -:  180:  }
        -:  181:
        -:  182:  //set embargo tokens to 0 for all supply piles
      420:  183:  for (i = 0; i <= treasure_map; i++)
branch  0 taken 96%
branch  1 taken 4% (fallthrough)
        -:  184:  {
      405:  185:    state->embargoTokens[i] = 0;
        -:  186:  }
        -:  187:
        -:  188:  //initialize first player's turn
       15:  189:  state->outpostPlayed = 0;
       15:  190:  state->phase = 0;
       15:  191:  state->numActions = 1;
       15:  192:  state->numBuys = 1;
       15:  193:  state->playedCardCount = 0;
       15:  194:  state->whoseTurn = 0;
       15:  195:  state->handCount[state->whoseTurn] = 0;
        -:  196:  //int it; move to top
        -:  197:
        -:  198:  //Moved draw cards to here, only drawing at the start of a turn
       90:  199:  for (it = 0; it < 5; it++)
branch  0 taken 83%
branch  1 taken 17% (fallthrough)
        -:  200:  {
       75:  201:    drawCard(state->whoseTurn, state);
call    0 returned 100%
        -:  202:  }
        -:  203:
       15:  204:  updateCoins(state->whoseTurn, state, 0);
call    0 returned 100%
        -:  205:
       15:  206:  return 0;
        -:  207:}
        -:  208:
function shuffle called 2428 returned 100% blocks executed 100%
     2428:  209:int shuffle(int player, struct gameState *state)
        -:  210:{
        -:  211:
        -:  212:  int newDeck[MAX_DECK];
     2428:  213:  int newDeckPos = 0;
        -:  214:  int card;
        -:  215:  int i;
        -:  216:
     2428:  217:  if (state->deckCount[player] < 1)
branch  0 taken 98% (fallthrough)
branch  1 taken 2%
     2373:  218:    return -1;
       55:  219:  qsort((void *)(state->deck[player]), state->deckCount[player], sizeof(int), compare);
call    0 returned 100%
        -:  220:  /* SORT CARDS IN DECK TO ENSURE DETERMINISM! */
        -:  221:
     2393:  222:  while (state->deckCount[player] > 0)
branch  0 taken 98%
branch  1 taken 2% (fallthrough)
        -:  223:  {
     2283:  224:    card = floor(Random() * state->deckCount[player]);
call    0 returned 100%
     2283:  225:    newDeck[newDeckPos] = state->deck[player][card];
     2283:  226:    newDeckPos++;
   181792:  227:    for (i = card; i < state->deckCount[player] - 1; i++)
branch  0 taken 99%
branch  1 taken 1% (fallthrough)
        -:  228:    {
   179509:  229:      state->deck[player][i] = state->deck[player][i + 1];
        -:  230:    }
     2283:  231:    state->deckCount[player]--;
        -:  232:  }
     2338:  233:  for (i = 0; i < newDeckPos; i++)
branch  0 taken 98%
branch  1 taken 2% (fallthrough)
        -:  234:  {
     2283:  235:    state->deck[player][i] = newDeck[i];
     2283:  236:    state->deckCount[player]++;
        -:  237:  }
        -:  238:
       55:  239:  return 0;
        -:  240:}
        -:  241:
function playCard called 0 returned 0% blocks executed 0%
    #####:  242:int playCard(int handPos, int choice1, int choice2, int choice3, struct gameState *state)
        -:  243:{
        -:  244:  int card;
    #####:  245:  int coin_bonus = 0; //tracks coins gain from actions
        -:  246:
        -:  247:  //check if it is the right phase
    #####:  248:  if (state->phase != 0)
branch  0 never executed
branch  1 never executed
        -:  249:  {
    #####:  250:    return -1;
        -:  251:  }
        -:  252:
        -:  253:  //check if player has enough actions
    #####:  254:  if (state->numActions < 1)
branch  0 never executed
branch  1 never executed
        -:  255:  {
    #####:  256:    return -1;
        -:  257:  }
        -:  258:
        -:  259:  //get card played
    #####:  260:  card = handCard(handPos, state);
call    0 never executed
        -:  261:
        -:  262:  //check if selected card is an action
    #####:  263:  if (card < adventurer || card > treasure_map)
branch  0 never executed
branch  1 never executed
branch  2 never executed
branch  3 never executed
        -:  264:  {
    #####:  265:    return -1;
        -:  266:  }
        -:  267:
        -:  268:  //play card
    #####:  269:  if (cardEffect(card, choice1, choice2, choice3, state, handPos, &coin_bonus) < 0)
call    0 never executed
branch  1 never executed
branch  2 never executed
        -:  270:  {
    #####:  271:    return -1;
        -:  272:  }
        -:  273:
        -:  274:  //reduce number of actions
    #####:  275:  state->numActions--;
        -:  276:
        -:  277:  //update coins (Treasure cards may be added with card draws)
    #####:  278:  updateCoins(state->whoseTurn, state, coin_bonus);
call    0 never executed
        -:  279:
    #####:  280:  return 0;
        -:  281:}
        -:  282:
function buyCard called 0 returned 0% blocks executed 0%
    #####:  283:int buyCard(int supplyPos, struct gameState *state)
        -:  284:{
        -:  285:  int who;
        -:  286:  if (DEBUG)
        -:  287:  {
        -:  288:    printf("Entering buyCard...\n");
        -:  289:  }
        -:  290:
        -:  291:  // I don't know what to do about the phase thing.
        -:  292:
    #####:  293:  who = state->whoseTurn;
        -:  294:
    #####:  295:  if (state->numBuys < 1)
branch  0 never executed
branch  1 never executed
        -:  296:  {
        -:  297:    if (DEBUG)
        -:  298:      printf("You do not have any buys left\n");
    #####:  299:    return -1;
        -:  300:  }
    #####:  301:  else if (supplyCount(supplyPos, state) < 1)
call    0 never executed
branch  1 never executed
branch  2 never executed
        -:  302:  {
        -:  303:    if (DEBUG)
        -:  304:      printf("There are not any of that type of card left\n");
    #####:  305:    return -1;
        -:  306:  }
    #####:  307:  else if (state->coins < getCost(supplyPos))
call    0 never executed
branch  1 never executed
branch  2 never executed
        -:  308:  {
        -:  309:    if (DEBUG)
        -:  310:      printf("You do not have enough money to buy that. You have %d coins.\n", state->coins);
    #####:  311:    return -1;
        -:  312:  }
        -:  313:  else
        -:  314:  {
    #####:  315:    state->phase = 1;
        -:  316:    //state->supplyCount[supplyPos]--;
    #####:  317:    gainCard(supplyPos, state, 0, who); //card goes in discard, this might be wrong.. (2 means goes into hand, 0 goes into discard)
call    0 never executed
        -:  318:
    #####:  319:    state->coins = (state->coins) - (getCost(supplyPos));
call    0 never executed
    #####:  320:    state->numBuys--;
        -:  321:    if (DEBUG)
        -:  322:      printf("You bought card number %d for %d coins. You now have %d buys and %d coins.\n", supplyPos, getCost(supplyPos), state->numBuys, state->coins);
        -:  323:  }
        -:  324:
        -:  325:  //state->discard[who][state->discardCount[who]] = supplyPos;
        -:  326:  //state->discardCount[who]++;
        -:  327:
    #####:  328:  return 0;
        -:  329:}
        -:  330:
function numHandCards called 0 returned 0% blocks executed 0%
    #####:  331:int numHandCards(struct gameState *state)
        -:  332:{
    #####:  333:  return state->handCount[whoseTurn(state)];
call    0 never executed
        -:  334:}
        -:  335:
function handCard called 0 returned 0% blocks executed 0%
    #####:  336:int handCard(int handPos, struct gameState *state)
        -:  337:{
    #####:  338:  int currentPlayer = whoseTurn(state);
call    0 never executed
    #####:  339:  return state->hand[currentPlayer][handPos];
        -:  340:}
        -:  341:
function supplyCount called 0 returned 0% blocks executed 0%
    #####:  342:int supplyCount(int card, struct gameState *state)
        -:  343:{
    #####:  344:  return state->supplyCount[card];
        -:  345:}
        -:  346:
function fullDeckCount called 0 returned 0% blocks executed 0%
    #####:  347:int fullDeckCount(int player, int card, struct gameState *state)
        -:  348:{
        -:  349:  int i;
    #####:  350:  int count = 0;
        -:  351:
    #####:  352:  for (i = 0; i < state->deckCount[player]; i++)
branch  0 never executed
branch  1 never executed
        -:  353:  {
    #####:  354:    if (state->deck[player][i] == card)
branch  0 never executed
branch  1 never executed
    #####:  355:      count++;
        -:  356:  }
        -:  357:
    #####:  358:  for (i = 0; i < state->handCount[player]; i++)
branch  0 never executed
branch  1 never executed
        -:  359:  {
    #####:  360:    if (state->hand[player][i] == card)
branch  0 never executed
branch  1 never executed
    #####:  361:      count++;
        -:  362:  }
        -:  363:
    #####:  364:  for (i = 0; i < state->discardCount[player]; i++)
branch  0 never executed
branch  1 never executed
        -:  365:  {
    #####:  366:    if (state->discard[player][i] == card)
branch  0 never executed
branch  1 never executed
    #####:  367:      count++;
        -:  368:  }
        -:  369:
    #####:  370:  return count;
        -:  371:}
        -:  372:
function whoseTurn called 4216 returned 100% blocks executed 100%
     4216:  373:int whoseTurn(struct gameState *state)
        -:  374:{
     4216:  375:  return state->whoseTurn;
        -:  376:}
        -:  377:
function endTurn called 0 returned 0% blocks executed 0%
    #####:  378:int endTurn(struct gameState *state)
        -:  379:{
        -:  380:  int k;
        -:  381:  int i;
    #####:  382:  int currentPlayer = whoseTurn(state);
call    0 never executed
        -:  383:
        -:  384:  //Discard hand
    #####:  385:  for (i = 0; i < state->handCount[currentPlayer]; i++)
branch  0 never executed
branch  1 never executed
        -:  386:  {
    #####:  387:    state->discard[currentPlayer][state->discardCount[currentPlayer]++] = state->hand[currentPlayer][i]; //Discard
    #####:  388:    state->hand[currentPlayer][i] = -1;                                                                  //Set card to -1
        -:  389:  }
    #####:  390:  state->handCount[currentPlayer] = 0; //Reset hand count
        -:  391:
        -:  392:  //Code for determining the player
    #####:  393:  if (currentPlayer < (state->numPlayers - 1))
branch  0 never executed
branch  1 never executed
        -:  394:  {
    #####:  395:    state->whoseTurn = currentPlayer + 1; //Still safe to increment
        -:  396:  }
        -:  397:  else
        -:  398:  {
    #####:  399:    state->whoseTurn = 0; //Max player has been reached, loop back around to player 1
        -:  400:  }
        -:  401:
    #####:  402:  state->outpostPlayed = 0;
    #####:  403:  state->phase = 0;
    #####:  404:  state->numActions = 1;
    #####:  405:  state->coins = 0;
    #####:  406:  state->numBuys = 1;
    #####:  407:  state->playedCardCount = 0;
    #####:  408:  state->handCount[state->whoseTurn] = 0;
        -:  409:
        -:  410:  //int k; move to top
        -:  411:  //Next player draws hand
    #####:  412:  for (k = 0; k < 5; k++)
branch  0 never executed
branch  1 never executed
        -:  413:  {
    #####:  414:    drawCard(state->whoseTurn, state); //Draw a card
call    0 never executed
        -:  415:  }
        -:  416:
        -:  417:  //Update money
    #####:  418:  updateCoins(state->whoseTurn, state, 0);
call    0 never executed
        -:  419:
    #####:  420:  return 0;
        -:  421:}
        -:  422:
function isGameOver called 6 returned 100% blocks executed 91%
        6:  423:int isGameOver(struct gameState *state)
        -:  424:{
        -:  425:  int i;
        -:  426:  int j;
        -:  427:
        -:  428:  //if stack of Province cards is empty, the game ends
        6:  429:  if (state->supplyCount[province] == 0)
branch  0 taken 67% (fallthrough)
branch  1 taken 33%
        -:  430:  {
        4:  431:    return 1;
        -:  432:  }
        -:  433:
        -:  434:  //if three supply pile are at 0, the game ends
        2:  435:  j = 0;
       52:  436:  for (i = 0; i < 25; i++)
branch  0 taken 96%
branch  1 taken 4% (fallthrough)
        -:  437:  {
       50:  438:    if (state->supplyCount[i] == 0)
branch  0 taken 12% (fallthrough)
branch  1 taken 88%
        -:  439:    {
        6:  440:      j++;
        -:  441:    }
        -:  442:  }
        2:  443:  if (j >= 3)
branch  0 taken 100% (fallthrough)
branch  1 taken 0%
        -:  444:  {
        2:  445:    return 1;
        -:  446:  }
        -:  447:
    #####:  448:  return 0;
        -:  449:}
        -:  450:
function scoreFor called 0 returned 0% blocks executed 0%
    #####:  451:int scoreFor(int player, struct gameState *state)
        -:  452:{
        -:  453:
        -:  454:  int i;
    #####:  455:  int score = 0;
        -:  456:  //score from hand
    #####:  457:  for (i = 0; i < state->handCount[player]; i++)
branch  0 never executed
branch  1 never executed
        -:  458:  {
    #####:  459:    if (state->hand[player][i] == curse)
branch  0 never executed
branch  1 never executed
        -:  460:    {
    #####:  461:      score = score - 1;
        -:  462:    };
    #####:  463:    if (state->hand[player][i] == estate)
branch  0 never executed
branch  1 never executed
        -:  464:    {
    #####:  465:      score = score + 1;
        -:  466:    };
    #####:  467:    if (state->hand[player][i] == duchy)
branch  0 never executed
branch  1 never executed
        -:  468:    {
    #####:  469:      score = score + 3;
        -:  470:    };
    #####:  471:    if (state->hand[player][i] == province)
branch  0 never executed
branch  1 never executed
        -:  472:    {
    #####:  473:      score = score + 6;
        -:  474:    };
    #####:  475:    if (state->hand[player][i] == great_hall)
branch  0 never executed
branch  1 never executed
        -:  476:    {
    #####:  477:      score = score + 1;
        -:  478:    };
    #####:  479:    if (state->hand[player][i] == gardens)
branch  0 never executed
branch  1 never executed
        -:  480:    {
    #####:  481:      score = score + (fullDeckCount(player, 0, state) / 10);
call    0 never executed
        -:  482:    };
        -:  483:  }
        -:  484:
        -:  485:  //score from discard
    #####:  486:  for (i = 0; i < state->discardCount[player]; i++)
branch  0 never executed
branch  1 never executed
        -:  487:  {
    #####:  488:    if (state->discard[player][i] == curse)
branch  0 never executed
branch  1 never executed
        -:  489:    {
    #####:  490:      score = score - 1;
        -:  491:    };
    #####:  492:    if (state->discard[player][i] == estate)
branch  0 never executed
branch  1 never executed
        -:  493:    {
    #####:  494:      score = score + 1;
        -:  495:    };
    #####:  496:    if (state->discard[player][i] == duchy)
branch  0 never executed
branch  1 never executed
        -:  497:    {
    #####:  498:      score = score + 3;
        -:  499:    };
    #####:  500:    if (state->discard[player][i] == province)
branch  0 never executed
branch  1 never executed
        -:  501:    {
    #####:  502:      score = score + 6;
        -:  503:    };
    #####:  504:    if (state->discard[player][i] == great_hall)
branch  0 never executed
branch  1 never executed
        -:  505:    {
    #####:  506:      score = score + 1;
        -:  507:    };
    #####:  508:    if (state->discard[player][i] == gardens)
branch  0 never executed
branch  1 never executed
        -:  509:    {
    #####:  510:      score = score + (fullDeckCount(player, 0, state) / 10);
call    0 never executed
        -:  511:    };
        -:  512:  }
        -:  513:
        -:  514:  //score from deck
    #####:  515:  for (i = 0; i < state->discardCount[player]; i++)
branch  0 never executed
branch  1 never executed
        -:  516:  {
    #####:  517:    if (state->deck[player][i] == curse)
branch  0 never executed
branch  1 never executed
        -:  518:    {
    #####:  519:      score = score - 1;
        -:  520:    };
    #####:  521:    if (state->deck[player][i] == estate)
branch  0 never executed
branch  1 never executed
        -:  522:    {
    #####:  523:      score = score + 1;
        -:  524:    };
    #####:  525:    if (state->deck[player][i] == duchy)
branch  0 never executed
branch  1 never executed
        -:  526:    {
    #####:  527:      score = score + 3;
        -:  528:    };
    #####:  529:    if (state->deck[player][i] == province)
branch  0 never executed
branch  1 never executed
        -:  530:    {
    #####:  531:      score = score + 6;
        -:  532:    };
    #####:  533:    if (state->deck[player][i] == great_hall)
branch  0 never executed
branch  1 never executed
        -:  534:    {
    #####:  535:      score = score + 1;
        -:  536:    };
    #####:  537:    if (state->deck[player][i] == gardens)
branch  0 never executed
branch  1 never executed
        -:  538:    {
    #####:  539:      score = score + (fullDeckCount(player, 0, state) / 10);
call    0 never executed
        -:  540:    };
        -:  541:  }
        -:  542:
    #####:  543:  return score;
        -:  544:}
        -:  545:
function getWinners called 0 returned 0% blocks executed 0%
    #####:  546:int getWinners(int players[MAX_PLAYERS], struct gameState *state)
        -:  547:{
        -:  548:  int i;
        -:  549:  int j;
        -:  550:  int highScore;
        -:  551:  int currentPlayer;
        -:  552:
        -:  553:  //get score for each player
    #####:  554:  for (i = 0; i < MAX_PLAYERS; i++)
branch  0 never executed
branch  1 never executed
        -:  555:  {
        -:  556:    //set unused player scores to -9999
    #####:  557:    if (i >= state->numPlayers)
branch  0 never executed
branch  1 never executed
        -:  558:    {
    #####:  559:      players[i] = -9999;
        -:  560:    }
        -:  561:    else
        -:  562:    {
    #####:  563:      players[i] = scoreFor(i, state);
call    0 never executed
        -:  564:    }
        -:  565:  }
        -:  566:
        -:  567:  //find highest score
    #####:  568:  j = 0;
    #####:  569:  for (i = 0; i < MAX_PLAYERS; i++)
branch  0 never executed
branch  1 never executed
        -:  570:  {
    #####:  571:    if (players[i] > players[j])
branch  0 never executed
branch  1 never executed
        -:  572:    {
    #####:  573:      j = i;
        -:  574:    }
        -:  575:  }
    #####:  576:  highScore = players[j];
        -:  577:
        -:  578:  //add 1 to players who had less turns
    #####:  579:  currentPlayer = whoseTurn(state);
call    0 never executed
    #####:  580:  for (i = 0; i < MAX_PLAYERS; i++)
branch  0 never executed
branch  1 never executed
        -:  581:  {
    #####:  582:    if (players[i] == highScore && i > currentPlayer)
branch  0 never executed
branch  1 never executed
branch  2 never executed
branch  3 never executed
        -:  583:    {
    #####:  584:      players[i]++;
        -:  585:    }
        -:  586:  }
        -:  587:
        -:  588:  //find new highest score
    #####:  589:  j = 0;
    #####:  590:  for (i = 0; i < MAX_PLAYERS; i++)
branch  0 never executed
branch  1 never executed
        -:  591:  {
    #####:  592:    if (players[i] > players[j])
branch  0 never executed
branch  1 never executed
        -:  593:    {
    #####:  594:      j = i;
        -:  595:    }
        -:  596:  }
    #####:  597:  highScore = players[j];
        -:  598:
        -:  599:  //set winners in array to 1 and rest to 0
    #####:  600:  for (i = 0; i < MAX_PLAYERS; i++)
branch  0 never executed
branch  1 never executed
        -:  601:  {
    #####:  602:    if (players[i] == highScore)
branch  0 never executed
branch  1 never executed
        -:  603:    {
    #####:  604:      players[i] = 1;
        -:  605:    }
        -:  606:    else
        -:  607:    {
    #####:  608:      players[i] = 0;
        -:  609:    }
        -:  610:  }
        -:  611:
    #####:  612:  return 0;
        -:  613:}
        -:  614:
function drawCard called 50047 returned 100% blocks executed 100%
    50047:  615:int drawCard(int player, struct gameState *state)
        -:  616:{
        -:  617:  int count;
        -:  618:  int deckCounter;
    50047:  619:  if (state->deckCount[player] <= 0)
branch  0 taken 5% (fallthrough)
branch  1 taken 95%
        -:  620:  { //Deck is empty
        -:  621:
        -:  622:    //Step 1 Shuffle the discard pile back into a deck
        -:  623:    int i;
        -:  624:    //Move discard to deck
     4381:  625:    for (i = 0; i < state->discardCount[player]; i++)
branch  0 taken 45%
branch  1 taken 55% (fallthrough)
        -:  626:    {
     1983:  627:      state->deck[player][i] = state->discard[player][i];
     1983:  628:      state->discard[player][i] = -1;
        -:  629:    }
        -:  630:
     2398:  631:    state->deckCount[player] = state->discardCount[player];
     2398:  632:    state->discardCount[player] = 0; //Reset discard
        -:  633:
        -:  634:    //Shufffle the deck
     2398:  635:    shuffle(player, state); //Shuffle the deck up and make it so that we can draw
call    0 returned 100%
        -:  636:
        -:  637:    if (DEBUG)
        -:  638:    { //Debug statements
        -:  639:      printf("Deck count now: %d\n", state->deckCount[player]);
        -:  640:    }
        -:  641:
     2398:  642:    state->discardCount[player] = 0;
        -:  643:
        -:  644:    //Step 2 Draw Card
     2398:  645:    count = state->handCount[player]; //Get current player's hand count
        -:  646:
        -:  647:    if (DEBUG)
        -:  648:    { //Debug statements
        -:  649:      printf("Current hand count: %d\n", count);
        -:  650:    }
        -:  651:
     2398:  652:    deckCounter = state->deckCount[player]; //Create a holder for the deck count
        -:  653:
     2398:  654:    if (deckCounter == 0)
branch  0 taken 99% (fallthrough)
branch  1 taken 1%
     2373:  655:      return -1;
        -:  656:
       25:  657:    state->hand[player][count] = state->deck[player][deckCounter - 1]; //Add card to hand
       25:  658:    state->deckCount[player]--;
       25:  659:    state->handCount[player]++; //Increment hand count
        -:  660:  }
        -:  661:
        -:  662:  else
        -:  663:  {
    47649:  664:    int count = state->handCount[player]; //Get current hand count for player
        -:  665:    int deckCounter;
        -:  666:    if (DEBUG)
        -:  667:    { //Debug statements
        -:  668:      printf("Current hand count: %d\n", count);
        -:  669:    }
        -:  670:
    47649:  671:    deckCounter = state->deckCount[player];                            //Create holder for the deck count
    47649:  672:    state->hand[player][count] = state->deck[player][deckCounter - 1]; //Add card to the hand
    47649:  673:    state->deckCount[player]--;
    47649:  674:    state->handCount[player]++; //Increment hand count
        -:  675:  }
        -:  676:
    47674:  677:  return 0;
        -:  678:}
        -:  679:
function getCost called 0 returned 0% blocks executed 0%
    #####:  680:int getCost(int cardNumber)
        -:  681:{
    #####:  682:  switch (cardNumber)
branch  0 never executed
branch  1 never executed
branch  2 never executed
branch  3 never executed
branch  4 never executed
branch  5 never executed
branch  6 never executed
branch  7 never executed
branch  8 never executed
branch  9 never executed
branch 10 never executed
branch 11 never executed
branch 12 never executed
branch 13 never executed
branch 14 never executed
branch 15 never executed
branch 16 never executed
branch 17 never executed
branch 18 never executed
branch 19 never executed
branch 20 never executed
branch 21 never executed
branch 22 never executed
branch 23 never executed
branch 24 never executed
branch 25 never executed
branch 26 never executed
branch 27 never executed
        -:  683:  {
    #####:  684:  case curse:
    #####:  685:    return 0;
    #####:  686:  case estate:
    #####:  687:    return 2;
    #####:  688:  case duchy:
    #####:  689:    return 5;
    #####:  690:  case province:
    #####:  691:    return 8;
    #####:  692:  case copper:
    #####:  693:    return 0;
    #####:  694:  case silver:
    #####:  695:    return 3;
    #####:  696:  case gold:
    #####:  697:    return 6;
    #####:  698:  case adventurer:
    #####:  699:    return 6;
    #####:  700:  case council_room:
    #####:  701:    return 5;
    #####:  702:  case feast:
    #####:  703:    return 4;
    #####:  704:  case gardens:
    #####:  705:    return 4;
    #####:  706:  case mine:
    #####:  707:    return 5;
    #####:  708:  case remodel:
    #####:  709:    return 4;
    #####:  710:  case smithy:
    #####:  711:    return 4;
    #####:  712:  case village:
    #####:  713:    return 3;
    #####:  714:  case baron:
    #####:  715:    return 4;
    #####:  716:  case great_hall:
    #####:  717:    return 3;
    #####:  718:  case minion:
    #####:  719:    return 5;
    #####:  720:  case steward:
    #####:  721:    return 3;
    #####:  722:  case tribute:
    #####:  723:    return 5;
    #####:  724:  case ambassador:
    #####:  725:    return 3;
    #####:  726:  case cutpurse:
    #####:  727:    return 4;
    #####:  728:  case embargo:
    #####:  729:    return 2;
    #####:  730:  case outpost:
    #####:  731:    return 5;
    #####:  732:  case salvager:
    #####:  733:    return 4;
    #####:  734:  case sea_hag:
    #####:  735:    return 4;
    #####:  736:  case treasure_map:
    #####:  737:    return 4;
        -:  738:  }
        -:  739:
    #####:  740:  return -1;
        -:  741:}
        -:  742:
        -:  743:/*Card effect functions */
        -:  744:
function adventurerEffect called 202 returned 100% blocks executed 100%
      202:  745:int adventurerEffect(struct gameState *state, int currentPlayer)
        -:  746:{
        -:  747:  int temphand[MAX_HAND]; // moved above the if statement
      202:  748:  int drawntreasure = 0;
        -:  749:  int cardDrawn;
      202:  750:  int z = 0; // this is the counter for the temp hand
        -:  751:
    46364:  752:  while (drawntreasure < 2)
branch  0 taken 99%
branch  1 taken 1% (fallthrough)
        -:  753:  {
        -:  754:
    45960:  755:    drawCard(currentPlayer, state);
call    0 returned 100%
    45960:  756:    cardDrawn = state->hand[currentPlayer][state->handCount[currentPlayer] - 1]; //top card of hand is most recently drawn card.
    45960:  757:    if (cardDrawn == copper || cardDrawn == silver || cardDrawn == gold)
branch  0 taken 99% (fallthrough)
branch  1 taken 1%
branch  2 taken 100% (fallthrough)
branch  3 taken 0%
branch  4 taken 0% (fallthrough)
branch  5 taken 100%
      404:  758:      drawntreasure++;
        -:  759:    else
        -:  760:    {
    45556:  761:      temphand[z] = cardDrawn;
    45556:  762:      state->handCount[currentPlayer]--; //this should just remove the top card (the most recently drawn one).
    45556:  763:      z++;
        -:  764:    }
        -:  765:  }
    45960:  766:  while (z - 1 >= 0)
branch  0 taken 99%
branch  1 taken 1% (fallthrough)
        -:  767:  {
    45556:  768:    state->discard[currentPlayer][state->discardCount[currentPlayer]++] = temphand[z - 1]; // discard all cards in play that have been drawn
    45556:  769:    z = z - 1;
        -:  770:  }
      202:  771:  return 0;
        -:  772:}
        -:  773:
function councilRoomEffect called 0 returned 0% blocks executed 0%
    #####:  774:int councilRoomEffect(struct gameState *state, int currentPlayer, int handPos)
        -:  775:{
        -:  776:  int i;
        -:  777:  //+4 Cards
    #####:  778:  for (i = 0; i < 4; i++)
branch  0 never executed
branch  1 never executed
        -:  779:  {
    #####:  780:    drawCard(currentPlayer, state);
call    0 never executed
        -:  781:  }
        -:  782:
        -:  783:  //+1 Buy
    #####:  784:  state->numBuys++;
        -:  785:
        -:  786:  //Each other player draws a card
    #####:  787:  for (i = 0; i < state->numPlayers; i++)
branch  0 never executed
branch  1 never executed
        -:  788:  {
    #####:  789:    drawCard(i, state);
call    0 never executed
        -:  790:  }
        -:  791:
        -:  792:  //put played card in played card pile
    #####:  793:  discardCard(handPos, currentPlayer, state, 0);
call    0 never executed
        -:  794:
    #####:  795:  return 0;
        -:  796:}
        -:  797:
function gardensEffect called 0 returned 0% blocks executed 0%
    #####:  798:int gardensEffect() { return -1; }
        -:  799:
function remodelEffect called 0 returned 0% blocks executed 0%
    #####:  800:int remodelEffect(struct gameState *state, int handPos, int currentPlayer, int choice1, int choice2)
        -:  801:{
        -:  802:  int i;
    #####:  803:  int j = state->hand[currentPlayer][choice1]; //store card we will trash
        -:  804:
    #####:  805:  if ((getCost(state->hand[currentPlayer][choice1]) + 2) > getCost(choice2))
call    0 never executed
call    1 never executed
branch  2 never executed
branch  3 never executed
        -:  806:  {
    #####:  807:    return -1;
        -:  808:  }
        -:  809:
    #####:  810:  gainCard(choice2, state, 0, currentPlayer);
call    0 never executed
        -:  811:
        -:  812:  //discard card from hand
    #####:  813:  discardCard(handPos, currentPlayer, state, 0);
call    0 never executed
        -:  814:
        -:  815:  //discard trashed card
    #####:  816:  for (i = 0; i < state->handCount[currentPlayer]; i++)
branch  0 never executed
branch  1 never executed
        -:  817:  {
    #####:  818:    if (state->hand[currentPlayer][i] == j)
branch  0 never executed
branch  1 never executed
        -:  819:    {
    #####:  820:      discardCard(i, currentPlayer, state, 0);
call    0 never executed
    #####:  821:      break;
        -:  822:    }
        -:  823:  }
        -:  824:
    #####:  825:  return 0;
        -:  826:}
        -:  827:
function smithyEffect called 2 returned 100% blocks executed 100%
        2:  828:int smithyEffect(struct gameState *state, int currentPlayer, int handPos)
        -:  829:{
        -:  830:  int i;
        -:  831:  //+3 Cards
       10:  832:  for (i = 0; i <= 3; i++)
branch  0 taken 80%
branch  1 taken 20% (fallthrough)
        -:  833:  {
        8:  834:    drawCard(currentPlayer, state);
call    0 returned 100%
        -:  835:  }
        -:  836:
        -:  837:  //discard card from hand
        2:  838:  discardCard(handPos, currentPlayer, state, 0);
call    0 returned 100%
        2:  839:  return 0;
        -:  840:}
        -:  841:
function cardEffect called 4208 returned 100% blocks executed 6%
     4208:  842:int cardEffect(int card, int choice1, int choice2, int choice3, struct gameState *state, int handPos, int *bonus)
        -:  843:{
        -:  844:  int i;
        -:  845:  int j;
        -:  846:  int k;
        -:  847:  int x;
        -:  848:  int index;
     4208:  849:  int currentPlayer = whoseTurn(state);
call    0 returned 100%
     4208:  850:  int nextPlayer = currentPlayer + 1;
        -:  851:
     4208:  852:  int tributeRevealedCards[2] = {-1, -1};
        -:  853:  int temphand[MAX_HAND]; // moved above the if statement
     4208:  854:  int drawntreasure = 0;
        -:  855:  int cardDrawn;
     4208:  856:  int z = 0; // this is the counter for the temp hand
     4208:  857:  if (nextPlayer > (state->numPlayers - 1))
branch  0 taken 0% (fallthrough)
branch  1 taken 100%
        -:  858:  {
    #####:  859:    nextPlayer = 0;
        -:  860:  }
        -:  861:
        -:  862:  //uses switch to select card and perform actions
     4208:  863:  switch (card)
branch  0 taken 5%
branch  1 taken 0%
branch  2 taken 0%
branch  3 taken 0%
branch  4 taken 1%
branch  5 taken 0%
branch  6 taken 0%
branch  7 taken 48%
branch  8 taken 0%
branch  9 taken 48%
branch 10 taken 0%
branch 11 taken 0%
branch 12 taken 0%
branch 13 taken 0%
branch 14 taken 0%
branch 15 taken 0%
branch 16 taken 0%
branch 17 taken 0%
branch 18 taken 0%
branch 19 taken 0%
branch 20 taken 0%
        -:  864:  {
      202:  865:  case adventurer:
      202:  866:    return adventurerEffect(state, currentPlayer);
call    0 returned 100%
        -:  867:
    #####:  868:  case council_room:
    #####:  869:    return councilRoomEffect(state, currentPlayer, handPos);
call    0 never executed
        -:  870:
    #####:  871:  case gardens:
    #####:  872:    return gardensEffect();
call    0 never executed
        -:  873:
    #####:  874:  case remodel:
    #####:  875:    return remodelEffect(state, currentPlayer, handPos, choice1, choice2);
call    0 never executed
        -:  876:
        2:  877:  case smithy:
        2:  878:    return smithyEffect(state, currentPlayer, handPos);
call    0 returned 100%
        -:  879:
    #####:  880:  case feast:
        -:  881:    //gain card with cost up to 5
        -:  882:    //Backup hand
    #####:  883:    for (i = 0; i <= state->handCount[currentPlayer]; i++)
branch  0 never executed
branch  1 never executed
        -:  884:    {
    #####:  885:      temphand[i] = state->hand[currentPlayer][i]; //Backup card
    #####:  886:      state->hand[currentPlayer][i] = -1;          //Set to nothing
        -:  887:    }
        -:  888:    //Backup hand
        -:  889:
        -:  890:    //Update Coins for Buy
    #####:  891:    updateCoins(currentPlayer, state, 5);
call    0 never executed
    #####:  892:    x = 1; //Condition to loop on
    #####:  893:    while (x == 1)
branch  0 never executed
branch  1 never executed
        -:  894:    { //Buy one card
    #####:  895:      if (supplyCount(choice1, state) <= 0)
call    0 never executed
branch  1 never executed
branch  2 never executed
        -:  896:      {
        -:  897:        if (DEBUG)
        -:  898:          printf("None of that card left, sorry!\n");
        -:  899:
        -:  900:        if (DEBUG)
        -:  901:        {
        -:  902:          printf("Cards Left: %d\n", supplyCount(choice1, state));
        -:  903:        }
        -:  904:      }
    #####:  905:      else if (state->coins < getCost(choice1))
call    0 never executed
branch  1 never executed
branch  2 never executed
        -:  906:      {
    #####:  907:        printf("That card is too expensive!\n");
call    0 never executed
        -:  908:
        -:  909:        if (DEBUG)
        -:  910:        {
        -:  911:          printf("Coins: %d < %d\n", state->coins, getCost(choice1));
        -:  912:        }
        -:  913:      }
        -:  914:      else
        -:  915:      {
        -:  916:
        -:  917:        if (DEBUG)
        -:  918:        {
        -:  919:          printf("Deck Count: %d\n", state->handCount[currentPlayer] + state->deckCount[currentPlayer] + state->discardCount[currentPlayer]);
        -:  920:        }
        -:  921:
    #####:  922:        gainCard(choice1, state, 0, currentPlayer); //Gain the card
call    0 never executed
    #####:  923:        x = 0;                                      //No more buying cards
        -:  924:
        -:  925:        if (DEBUG)
        -:  926:        {
        -:  927:          printf("Deck Count: %d\n", state->handCount[currentPlayer] + state->deckCount[currentPlayer] + state->discardCount[currentPlayer]);
        -:  928:        }
        -:  929:      }
        -:  930:    }
        -:  931:
        -:  932:    //Reset Hand
    #####:  933:    for (i = 0; i <= state->handCount[currentPlayer]; i++)
branch  0 never executed
branch  1 never executed
        -:  934:    {
    #####:  935:      state->hand[currentPlayer][i] = temphand[i];
    #####:  936:      temphand[i] = -1;
        -:  937:    }
        -:  938:    //Reset Hand
        -:  939:
    #####:  940:    return 0;
        -:  941:
    #####:  942:  case mine:
    #####:  943:    j = state->hand[currentPlayer][choice1]; //store card we will trash
        -:  944:
    #####:  945:    if (state->hand[currentPlayer][choice1] < copper || state->hand[currentPlayer][choice1] > gold)
branch  0 never executed
branch  1 never executed
branch  2 never executed
branch  3 never executed
        -:  946:    {
    #####:  947:      return -1;
        -:  948:    }
        -:  949:
    #####:  950:    if (choice2 > treasure_map || choice2 < curse)
branch  0 never executed
branch  1 never executed
branch  2 never executed
branch  3 never executed
        -:  951:    {
    #####:  952:      return -1;
        -:  953:    }
        -:  954:
    #####:  955:    if ((getCost(state->hand[currentPlayer][choice1]) + 3) > getCost(choice2))
call    0 never executed
call    1 never executed
branch  2 never executed
branch  3 never executed
        -:  956:    {
    #####:  957:      return -1;
        -:  958:    }
        -:  959:
    #####:  960:    gainCard(choice2, state, 2, currentPlayer);
call    0 never executed
        -:  961:
        -:  962:    //discard card from hand
    #####:  963:    discardCard(handPos, currentPlayer, state, 0);
call    0 never executed
        -:  964:
        -:  965:    //discard trashed card
    #####:  966:    for (i = 0; i < state->handCount[currentPlayer]; i++)
branch  0 never executed
branch  1 never executed
        -:  967:    {
    #####:  968:      if (state->hand[currentPlayer][i] == j)
branch  0 never executed
branch  1 never executed
        -:  969:      {
    #####:  970:        discardCard(i, currentPlayer, state, 0);
call    0 never executed
    #####:  971:        break;
        -:  972:      }
        -:  973:    }
        -:  974:
    #####:  975:    return 0;
        -:  976:
     2002:  977:  case village:
        -:  978:    //+1 Card
     2002:  979:    drawCard(currentPlayer, state);
call    0 returned 100%
        -:  980:
        -:  981:    //+2 Actions
     2002:  982:    state->numActions = state->numActions + 2;
        -:  983:
        -:  984:    //discard played card from hand
     2002:  985:    discardCard(handPos, currentPlayer, state, 0);
call    0 returned 100%
     2002:  986:    return 0;
        -:  987:
    #####:  988:  case baron:
    #####:  989:    state->numBuys++; //Increase buys by 1!
    #####:  990:    if (choice1 > 0)
branch  0 never executed
branch  1 never executed
        -:  991:    {                             //Boolean true or going to discard an estate
    #####:  992:      int p = 0;                  //Iterator for hand!
    #####:  993:      int card_not_discarded = 1; //Flag for discard set!
    #####:  994:      while (card_not_discarded)
branch  0 never executed
branch  1 never executed
        -:  995:      {
    #####:  996:        if (state->hand[currentPlayer][p] == estate)
branch  0 never executed
branch  1 never executed
        -:  997:        {                    //Found an estate card!
    #####:  998:          state->coins += 4; //Add 4 coins to the amount of coins
    #####:  999:          state->discard[currentPlayer][state->discardCount[currentPlayer]] = state->hand[currentPlayer][p];
    #####: 1000:          state->discardCount[currentPlayer]++;
    #####: 1001:          for (; p < state->handCount[currentPlayer]; p++)
branch  0 never executed
branch  1 never executed
        -: 1002:          {
    #####: 1003:            state->hand[currentPlayer][p] = state->hand[currentPlayer][p + 1];
        -: 1004:          }
    #####: 1005:          state->hand[currentPlayer][state->handCount[currentPlayer]] = -1;
    #####: 1006:          state->handCount[currentPlayer]--;
    #####: 1007:          card_not_discarded = 0; //Exit the loop
        -: 1008:        }
    #####: 1009:        else if (p > state->handCount[currentPlayer])
branch  0 never executed
branch  1 never executed
        -: 1010:        {
        -: 1011:          if (DEBUG)
        -: 1012:          {
        -: 1013:            printf("No estate cards in your hand, invalid choice\n");
        -: 1014:            printf("Must gain an estate if there are any\n");
        -: 1015:          }
    #####: 1016:          if (supplyCount(estate, state) > 0)
call    0 never executed
branch  1 never executed
branch  2 never executed
        -: 1017:          {
    #####: 1018:            gainCard(estate, state, 0, currentPlayer);
call    0 never executed
    #####: 1019:            state->supplyCount[estate]--; //Decrement estates
    #####: 1020:            if (supplyCount(estate, state) == 0)
call    0 never executed
branch  1 never executed
branch  2 never executed
        -: 1021:            {
    #####: 1022:              isGameOver(state);
call    0 never executed
        -: 1023:            }
        -: 1024:          }
    #####: 1025:          card_not_discarded = 0; //Exit the loop
        -: 1026:        }
        -: 1027:
        -: 1028:        else
        -: 1029:        {
    #####: 1030:          p++; //Next card
        -: 1031:        }
        -: 1032:      }
        -: 1033:    }
        -: 1034:
        -: 1035:    else
        -: 1036:    {
    #####: 1037:      if (supplyCount(estate, state) > 0)
call    0 never executed
branch  1 never executed
branch  2 never executed
        -: 1038:      {
    #####: 1039:        gainCard(estate, state, 0, currentPlayer); //Gain an estate
call    0 never executed
    #####: 1040:        state->supplyCount[estate]--;              //Decrement Estates
    #####: 1041:        if (supplyCount(estate, state) == 0)
call    0 never executed
branch  1 never executed
branch  2 never executed
        -: 1042:        {
    #####: 1043:          isGameOver(state);
call    0 never executed
        -: 1044:        }
        -: 1045:      }
        -: 1046:    }
        -: 1047:
    #####: 1048:    return 0;
        -: 1049:
     2002: 1050:  case great_hall:
        -: 1051:    //+1 Card
     2002: 1052:    drawCard(currentPlayer, state);
call    0 returned 100%
        -: 1053:
        -: 1054:    //+1 Actions
     2002: 1055:    state->numActions++;
        -: 1056:
        -: 1057:    //discard card from hand
     2002: 1058:    discardCard(handPos, currentPlayer, state, 0);
call    0 returned 100%
     2002: 1059:    return 0;
        -: 1060:
    #####: 1061:  case minion:
        -: 1062:    //+1 action
    #####: 1063:    state->numActions++;
        -: 1064:
        -: 1065:    //discard card from hand
    #####: 1066:    discardCard(handPos, currentPlayer, state, 0);
call    0 never executed
        -: 1067:
    #####: 1068:    if (choice1) //+2 coins
branch  0 never executed
branch  1 never executed
        -: 1069:    {
    #####: 1070:      state->coins = state->coins + 2;
        -: 1071:    }
        -: 1072:
    #####: 1073:    else if (choice2) //discard hand, redraw 4, other players with 5+ cards discard hand and draw 4
branch  0 never executed
branch  1 never executed
        -: 1074:    {
        -: 1075:      //discard hand
    #####: 1076:      while (numHandCards(state) > 0)
call    0 never executed
branch  1 never executed
branch  2 never executed
        -: 1077:      {
    #####: 1078:        discardCard(handPos, currentPlayer, state, 0);
call    0 never executed
        -: 1079:      }
        -: 1080:
        -: 1081:      //draw 4
    #####: 1082:      for (i = 0; i < 4; i++)
branch  0 never executed
branch  1 never executed
        -: 1083:      {
    #####: 1084:        drawCard(currentPlayer, state);
call    0 never executed
        -: 1085:      }
        -: 1086:
        -: 1087:      //other players discard hand and redraw if hand size > 4
    #####: 1088:      for (i = 0; i < state->numPlayers; i++)
branch  0 never executed
branch  1 never executed
        -: 1089:      {
    #####: 1090:        if (i != currentPlayer)
branch  0 never executed
branch  1 never executed
        -: 1091:        {
    #####: 1092:          if (state->handCount[i] > 4)
branch  0 never executed
branch  1 never executed
        -: 1093:          {
        -: 1094:            //discard hand
    #####: 1095:            while (state->handCount[i] > 0)
branch  0 never executed
branch  1 never executed
        -: 1096:            {
    #####: 1097:              discardCard(handPos, i, state, 0);
call    0 never executed
        -: 1098:            }
        -: 1099:
        -: 1100:            //draw 4
    #####: 1101:            for (j = 0; j < 4; j++)
branch  0 never executed
branch  1 never executed
        -: 1102:            {
    #####: 1103:              drawCard(i, state);
call    0 never executed
        -: 1104:            }
        -: 1105:          }
        -: 1106:        }
        -: 1107:      }
        -: 1108:    }
    #####: 1109:    return 0;
        -: 1110:
    #####: 1111:  case steward:
    #####: 1112:    if (choice1 == 1)
branch  0 never executed
branch  1 never executed
        -: 1113:    {
        -: 1114:      //+2 cards
    #####: 1115:      drawCard(currentPlayer, state);
call    0 never executed
    #####: 1116:      drawCard(currentPlayer, state);
call    0 never executed
        -: 1117:    }
    #####: 1118:    else if (choice1 == 2)
branch  0 never executed
branch  1 never executed
        -: 1119:    {
        -: 1120:      //+2 coins
    #####: 1121:      state->coins = state->coins + 2;
        -: 1122:    }
        -: 1123:    else
        -: 1124:    {
        -: 1125:      //trash 2 cards in hand
    #####: 1126:      discardCard(choice2, currentPlayer, state, 1);
call    0 never executed
    #####: 1127:      discardCard(choice3, currentPlayer, state, 1);
call    0 never executed
        -: 1128:    }
        -: 1129:
        -: 1130:    //discard card from hand
    #####: 1131:    discardCard(handPos, currentPlayer, state, 0);
call    0 never executed
    #####: 1132:    return 0;
        -: 1133:
    #####: 1134:  case tribute:
    #####: 1135:    if ((state->discardCount[nextPlayer] + state->deckCount[nextPlayer]) <= 1)
branch  0 never executed
branch  1 never executed
        -: 1136:    {
    #####: 1137:      if (state->deckCount[nextPlayer] > 0)
branch  0 never executed
branch  1 never executed
        -: 1138:      {
    #####: 1139:        tributeRevealedCards[0] = state->deck[nextPlayer][state->deckCount[nextPlayer] - 1];
    #####: 1140:        state->deckCount[nextPlayer]--;
        -: 1141:      }
    #####: 1142:      else if (state->discardCount[nextPlayer] > 0)
branch  0 never executed
branch  1 never executed
        -: 1143:      {
    #####: 1144:        tributeRevealedCards[0] = state->discard[nextPlayer][state->discardCount[nextPlayer] - 1];
    #####: 1145:        state->discardCount[nextPlayer]--;
        -: 1146:      }
        -: 1147:      else
        -: 1148:      {
        -: 1149:        //No Card to Reveal
        -: 1150:        if (DEBUG)
        -: 1151:        {
        -: 1152:          printf("No cards to reveal\n");
        -: 1153:        }
        -: 1154:      }
        -: 1155:    }
        -: 1156:
        -: 1157:    else
        -: 1158:    {
    #####: 1159:      if (state->deckCount[nextPlayer] == 0)
branch  0 never executed
branch  1 never executed
        -: 1160:      {
    #####: 1161:        for (i = 0; i < state->discardCount[nextPlayer]; i++)
branch  0 never executed
branch  1 never executed
        -: 1162:        {
    #####: 1163:          state->deck[nextPlayer][i] = state->discard[nextPlayer][i]; //Move to deck
    #####: 1164:          state->deckCount[nextPlayer]++;
    #####: 1165:          state->discard[nextPlayer][i] = -1;
    #####: 1166:          state->discardCount[nextPlayer]--;
        -: 1167:        }
        -: 1168:
    #####: 1169:        shuffle(nextPlayer, state); //Shuffle the deck
call    0 never executed
        -: 1170:      }
    #####: 1171:      tributeRevealedCards[0] = state->deck[nextPlayer][state->deckCount[nextPlayer] - 1];
    #####: 1172:      state->deck[nextPlayer][state->deckCount[nextPlayer]--] = -1;
    #####: 1173:      state->deckCount[nextPlayer]--;
    #####: 1174:      tributeRevealedCards[1] = state->deck[nextPlayer][state->deckCount[nextPlayer] - 1];
    #####: 1175:      state->deck[nextPlayer][state->deckCount[nextPlayer]--] = -1;
    #####: 1176:      state->deckCount[nextPlayer]--;
        -: 1177:    }
        -: 1178:
    #####: 1179:    if (tributeRevealedCards[0] == tributeRevealedCards[1])
branch  0 never executed
branch  1 never executed
        -: 1180:    { //If we have a duplicate card, just drop one
    #####: 1181:      state->playedCards[state->playedCardCount] = tributeRevealedCards[1];
    #####: 1182:      state->playedCardCount++;
    #####: 1183:      tributeRevealedCards[1] = -1;
        -: 1184:    }
        -: 1185:
    #####: 1186:    for (i = 0; i <= 2; i++)
branch  0 never executed
branch  1 never executed
        -: 1187:    {
    #####: 1188:      if (tributeRevealedCards[i] == copper || tributeRevealedCards[i] == silver || tributeRevealedCards[i] == gold)
branch  0 never executed
branch  1 never executed
branch  2 never executed
branch  3 never executed
branch  4 never executed
branch  5 never executed
        -: 1189:      { //Treasure cards
    #####: 1190:        state->coins += 2;
        -: 1191:      }
        -: 1192:
    #####: 1193:      else if (tributeRevealedCards[i] == estate || tributeRevealedCards[i] == duchy || tributeRevealedCards[i] == province || tributeRevealedCards[i] == gardens || tributeRevealedCards[i] == great_hall)
branch  0 never executed
branch  1 never executed
branch  2 never executed
branch  3 never executed
branch  4 never executed
branch  5 never executed
branch  6 never executed
branch  7 never executed
branch  8 never executed
branch  9 never executed
        -: 1194:      { //Victory Card Found
    #####: 1195:        drawCard(currentPlayer, state);
call    0 never executed
    #####: 1196:        drawCard(currentPlayer, state);
call    0 never executed
        -: 1197:      }
        -: 1198:      else
        -: 1199:      { //Action Card
    #####: 1200:        state->numActions = state->numActions + 2;
        -: 1201:      }
        -: 1202:    }
        -: 1203:
    #####: 1204:    return 0;
        -: 1205:
    #####: 1206:  case ambassador:
    #####: 1207:    j = 0; //used to check if player has enough cards to discard
        -: 1208:
    #####: 1209:    if (choice2 > 2 || choice2 < 0)
branch  0 never executed
branch  1 never executed
branch  2 never executed
branch  3 never executed
        -: 1210:    {
    #####: 1211:      return -1;
        -: 1212:    }
        -: 1213:
    #####: 1214:    if (choice1 == handPos)
branch  0 never executed
branch  1 never executed
        -: 1215:    {
    #####: 1216:      return -1;
        -: 1217:    }
        -: 1218:
    #####: 1219:    for (i = 0; i < state->handCount[currentPlayer]; i++)
branch  0 never executed
branch  1 never executed
        -: 1220:    {
    #####: 1221:      if (i != handPos && i == state->hand[currentPlayer][choice1] && i != choice1)
branch  0 never executed
branch  1 never executed
branch  2 never executed
branch  3 never executed
branch  4 never executed
branch  5 never executed
        -: 1222:      {
    #####: 1223:        j++;
        -: 1224:      }
        -: 1225:    }
    #####: 1226:    if (j < choice2)
branch  0 never executed
branch  1 never executed
        -: 1227:    {
    #####: 1228:      return -1;
        -: 1229:    }
        -: 1230:
        -: 1231:    if (DEBUG)
        -: 1232:      printf("Player %d reveals card number: %d\n", currentPlayer, state->hand[currentPlayer][choice1]);
        -: 1233:
        -: 1234:    //increase supply count for choosen card by amount being discarded
    #####: 1235:    state->supplyCount[state->hand[currentPlayer][choice1]] += choice2;
        -: 1236:
        -: 1237:    //each other player gains a copy of revealed card
    #####: 1238:    for (i = 0; i < state->numPlayers; i++)
branch  0 never executed
branch  1 never executed
        -: 1239:    {
    #####: 1240:      if (i != currentPlayer)
branch  0 never executed
branch  1 never executed
        -: 1241:      {
    #####: 1242:        gainCard(state->hand[currentPlayer][choice1], state, 0, i);
call    0 never executed
        -: 1243:      }
        -: 1244:    }
        -: 1245:
        -: 1246:    //discard played card from hand
    #####: 1247:    discardCard(handPos, currentPlayer, state, 0);
call    0 never executed
        -: 1248:
        -: 1249:    //trash copies of cards returned to supply
    #####: 1250:    for (j = 0; j < choice2; j++)
branch  0 never executed
branch  1 never executed
        -: 1251:    {
    #####: 1252:      for (i = 0; i < state->handCount[currentPlayer]; i++)
branch  0 never executed
branch  1 never executed
        -: 1253:      {
    #####: 1254:        if (state->hand[currentPlayer][i] == state->hand[currentPlayer][choice1])
branch  0 never executed
branch  1 never executed
        -: 1255:        {
    #####: 1256:          discardCard(i, currentPlayer, state, 1);
call    0 never executed
    #####: 1257:          break;
        -: 1258:        }
        -: 1259:      }
        -: 1260:    }
        -: 1261:
    #####: 1262:    return 0;
        -: 1263:
    #####: 1264:  case cutpurse:
        -: 1265:
    #####: 1266:    updateCoins(currentPlayer, state, 2);
call    0 never executed
    #####: 1267:    for (i = 0; i < state->numPlayers; i++)
branch  0 never executed
branch  1 never executed
        -: 1268:    {
    #####: 1269:      if (i != currentPlayer)
branch  0 never executed
branch  1 never executed
        -: 1270:      {
    #####: 1271:        for (j = 0; j < state->handCount[i]; j++)
branch  0 never executed
branch  1 never executed
        -: 1272:        {
    #####: 1273:          if (state->hand[i][j] == copper)
branch  0 never executed
branch  1 never executed
        -: 1274:          {
    #####: 1275:            discardCard(j, i, state, 0);
call    0 never executed
    #####: 1276:            break;
        -: 1277:          }
    #####: 1278:          if (j == state->handCount[i])
branch  0 never executed
branch  1 never executed
        -: 1279:          {
    #####: 1280:            for (k = 0; k < state->handCount[i]; k++)
branch  0 never executed
branch  1 never executed
        -: 1281:            {
        -: 1282:              if (DEBUG)
        -: 1283:                printf("Player %d reveals card number %d\n", i, state->hand[i][k]);
        -: 1284:            }
    #####: 1285:            break;
        -: 1286:          }
        -: 1287:        }
        -: 1288:      }
        -: 1289:    }
        -: 1290:
        -: 1291:    //discard played card from hand
    #####: 1292:    discardCard(handPos, currentPlayer, state, 0);
call    0 never executed
        -: 1293:
    #####: 1294:    return 0;
        -: 1295:
    #####: 1296:  case embargo:
        -: 1297:    //+2 Coins
    #####: 1298:    state->coins = state->coins + 2;
        -: 1299:
        -: 1300:    //see if selected pile is in play
    #####: 1301:    if (state->supplyCount[choice1] == -1)
branch  0 never executed
branch  1 never executed
        -: 1302:    {
    #####: 1303:      return -1;
        -: 1304:    }
        -: 1305:
        -: 1306:    //add embargo token to selected supply pile
    #####: 1307:    state->embargoTokens[choice1]++;
        -: 1308:
        -: 1309:    //trash card
    #####: 1310:    discardCard(handPos, currentPlayer, state, 1);
call    0 never executed
    #####: 1311:    return 0;
        -: 1312:
    #####: 1313:  case outpost:
        -: 1314:    //set outpost flag
    #####: 1315:    state->outpostPlayed++;
        -: 1316:
        -: 1317:    //discard card
    #####: 1318:    discardCard(handPos, currentPlayer, state, 0);
call    0 never executed
    #####: 1319:    return 0;
        -: 1320:
    #####: 1321:  case salvager:
        -: 1322:    //+1 buy
    #####: 1323:    state->numBuys++;
        -: 1324:
    #####: 1325:    if (choice1)
branch  0 never executed
branch  1 never executed
        -: 1326:    {
        -: 1327:      //gain coins equal to trashed card
    #####: 1328:      state->coins = state->coins + getCost(handCard(choice1, state));
call    0 never executed
call    1 never executed
        -: 1329:      //trash card
    #####: 1330:      discardCard(choice1, currentPlayer, state, 1);
call    0 never executed
        -: 1331:    }
        -: 1332:
        -: 1333:    //discard card
    #####: 1334:    discardCard(handPos, currentPlayer, state, 0);
call    0 never executed
    #####: 1335:    return 0;
        -: 1336:
    #####: 1337:  case sea_hag:
    #####: 1338:    for (i = 0; i < state->numPlayers; i++)
branch  0 never executed
branch  1 never executed
        -: 1339:    {
    #####: 1340:      if (i != currentPlayer)
branch  0 never executed
branch  1 never executed
        -: 1341:      {
    #####: 1342:        state->discard[i][state->discardCount[i]] = state->deck[i][state->deckCount[i]--];
    #####: 1343:        state->deckCount[i]--;
    #####: 1344:        state->discardCount[i]++;
    #####: 1345:        state->deck[i][state->deckCount[i]--] = curse; //Top card now a curse
        -: 1346:      }
        -: 1347:    }
    #####: 1348:    return 0;
        -: 1349:
    #####: 1350:  case treasure_map:
        -: 1351:    //search hand for another treasure_map
    #####: 1352:    index = -1;
    #####: 1353:    for (i = 0; i < state->handCount[currentPlayer]; i++)
branch  0 never executed
branch  1 never executed
        -: 1354:    {
    #####: 1355:      if (state->hand[currentPlayer][i] == treasure_map && i != handPos)
branch  0 never executed
branch  1 never executed
branch  2 never executed
branch  3 never executed
        -: 1356:      {
    #####: 1357:        index = i;
    #####: 1358:        break;
        -: 1359:      }
        -: 1360:    }
    #####: 1361:    if (index > -1)
branch  0 never executed
branch  1 never executed
        -: 1362:    {
        -: 1363:      //trash both treasure cards
    #####: 1364:      discardCard(handPos, currentPlayer, state, 1);
call    0 never executed
    #####: 1365:      discardCard(index, currentPlayer, state, 1);
call    0 never executed
        -: 1366:
        -: 1367:      //gain 4 Gold cards
    #####: 1368:      for (i = 0; i < 4; i++)
branch  0 never executed
branch  1 never executed
        -: 1369:      {
    #####: 1370:        gainCard(gold, state, 1, currentPlayer);
call    0 never executed
        -: 1371:      }
        -: 1372:
        -: 1373:      //return success
    #####: 1374:      return 1;
        -: 1375:    }
        -: 1376:
        -: 1377:    //no second treasure_map found in hand
    #####: 1378:    return -1;
        -: 1379:  }
        -: 1380:
    #####: 1381:  return -1;
        -: 1382:}
        -: 1383:
function discardCard called 4006 returned 100% blocks executed 89%
     4006: 1384:int discardCard(int handPos, int currentPlayer, struct gameState *state, int trashFlag)
        -: 1385:{
        -: 1386:
        -: 1387:  //if card is not trashed, added to Played pile
     4006: 1388:  if (trashFlag < 1)
branch  0 taken 100% (fallthrough)
branch  1 taken 0%
        -: 1389:  {
        -: 1390:    //add card to played pile
     4006: 1391:    state->playedCards[state->playedCardCount] = state->hand[currentPlayer][handPos];
     4006: 1392:    state->playedCardCount++;
        -: 1393:  }
        -: 1394:
        -: 1395:  //set played card to -1
     4006: 1396:  state->hand[currentPlayer][handPos] = -1;
        -: 1397:
        -: 1398:  //remove card from player's hand
     4006: 1399:  if (handPos == (state->handCount[currentPlayer] - 1)) //last card in hand array is played
branch  0 taken 1% (fallthrough)
branch  1 taken 99%
        -: 1400:  {
        -: 1401:    //reduce number of cards in hand
        6: 1402:    state->handCount[currentPlayer]--;
        -: 1403:  }
     4000: 1404:  else if (state->handCount[currentPlayer] == 1) //only one card in hand
branch  0 taken 0% (fallthrough)
branch  1 taken 100%
        -: 1405:  {
        -: 1406:    //reduce number of cards in hand
    #####: 1407:    state->handCount[currentPlayer]--;
        -: 1408:  }
        -: 1409:  else
        -: 1410:  {
        -: 1411:    //replace discarded card with last card in hand
     4000: 1412:    state->hand[currentPlayer][handPos] = state->hand[currentPlayer][(state->handCount[currentPlayer] - 1)];
        -: 1413:    //set last card to -1
     4000: 1414:    state->hand[currentPlayer][state->handCount[currentPlayer] - 1] = -1;
        -: 1415:    //reduce number of cards in hand
     4000: 1416:    state->handCount[currentPlayer]--;
        -: 1417:  }
        -: 1418:
     4006: 1419:  return 0;
        -: 1420:}
        -: 1421:
function gainCard called 0 returned 0% blocks executed 0%
    #####: 1422:int gainCard(int supplyPos, struct gameState *state, int toFlag, int player)
        -: 1423:{
        -: 1424:  //Note: supplyPos is enum of choosen card
        -: 1425:
        -: 1426:  //check if supply pile is empty (0) or card is not used in game (-1)
    #####: 1427:  if (supplyCount(supplyPos, state) < 1)
call    0 never executed
branch  1 never executed
branch  2 never executed
        -: 1428:  {
    #####: 1429:    return -1;
        -: 1430:  }
        -: 1431:
        -: 1432:  //added card for [whoseTurn] current player:
        -: 1433:  // toFlag = 0 : add to discard
        -: 1434:  // toFlag = 1 : add to deck
        -: 1435:  // toFlag = 2 : add to hand
        -: 1436:
    #####: 1437:  if (toFlag == 1)
branch  0 never executed
branch  1 never executed
        -: 1438:  {
    #####: 1439:    state->deck[player][state->deckCount[player]] = supplyPos;
    #####: 1440:    state->deckCount[player]++;
        -: 1441:  }
    #####: 1442:  else if (toFlag == 2)
branch  0 never executed
branch  1 never executed
        -: 1443:  {
    #####: 1444:    state->hand[player][state->handCount[player]] = supplyPos;
    #####: 1445:    state->handCount[player]++;
        -: 1446:  }
        -: 1447:  else
        -: 1448:  {
    #####: 1449:    state->discard[player][state->discardCount[player]] = supplyPos;
    #####: 1450:    state->discardCount[player]++;
        -: 1451:  }
        -: 1452:
        -: 1453:  //decrease number in supply pile
    #####: 1454:  state->supplyCount[supplyPos]--;
        -: 1455:
    #####: 1456:  return 0;
        -: 1457:}
        -: 1458:
function updateCoins called 15 returned 100% blocks executed 82%
       15: 1459:int updateCoins(int player, struct gameState *state, int bonus)
        -: 1460:{
        -: 1461:  int i;
        -: 1462:
        -: 1463:  //reset coin count
       15: 1464:  state->coins = 0;
        -: 1465:
        -: 1466:  //add coins for each Treasure card in player's hand
       90: 1467:  for (i = 0; i < state->handCount[player]; i++)
branch  0 taken 83%
branch  1 taken 17% (fallthrough)
        -: 1468:  {
       75: 1469:    if (state->hand[player][i] == copper)
branch  0 taken 80% (fallthrough)
branch  1 taken 20%
        -: 1470:    {
       60: 1471:      state->coins += 1;
        -: 1472:    }
       15: 1473:    else if (state->hand[player][i] == silver)
branch  0 taken 0% (fallthrough)
branch  1 taken 100%
        -: 1474:    {
    #####: 1475:      state->coins += 2;
        -: 1476:    }
       15: 1477:    else if (state->hand[player][i] == gold)
branch  0 taken 0% (fallthrough)
branch  1 taken 100%
        -: 1478:    {
    #####: 1479:      state->coins += 3;
        -: 1480:    }
        -: 1481:  }
        -: 1482:
        -: 1483:  //add bonus
       15: 1484:  state->coins += bonus;
        -: 1485:
       15: 1486:  return 0;
        -: 1487:}
        -: 1488:
        -: 1489://end of dominion.c
